<?xml version="1.0" encoding="UTF-8"?>
<testng-results ignored="0" total="2" passed="2" failed="0" skipped="0">
  <reporter-output>
  </reporter-output>
  <suite started-at="2022-12-16T14:50:44 PST" name="Testng" finished-at="2022-12-16T14:50:44 PST" duration-ms="66">
    <groups>
    </groups>
    <test started-at="2022-12-16T14:50:44 PST" name="Demo" finished-at="2022-12-16T14:50:44 PST" duration-ms="66">
      <class name="testpackage.Class2">
        <test-method signature="Demo2()[pri:0, instance:testpackage.Class2@13b13b5d]" started-at="2022-12-16T14:50:44 PST" name="Demo2" finished-at="2022-12-16T14:50:44 PST" duration-ms="2" status="PASS">
          <reporter-output>
          </reporter-output>
        </test-method> <!-- Demo2 -->
      </class> <!-- testpackage.Class2 -->
      <class name="testpackage.Class1">
        <test-method signature="Demo()[pri:0, instance:testpackage.Class1@c03cf28]" started-at="2022-12-16T14:50:44 PST" name="Demo" finished-at="2022-12-16T14:50:44 PST" duration-ms="9" status="PASS">
          <reporter-output>
          </reporter-output>
        </test-method> <!-- Demo -->
      </class> <!-- testpackage.Class1 -->
    </test> <!-- Demo -->
  </suite> <!-- Testng -->
</testng-results>
